{
  "RSpec": {
    "coverage": {
      "/Users/AmirolAhmad/Documents/Osem Network/kakitube/app/controllers/application_controller.rb": [
        1,
        1,
        null,
        null,
        1,
        null,
        1,
        null,
        1,
        0,
        0,
        0,
        null,
        null
      ],
      "/Users/AmirolAhmad/Documents/Osem Network/kakitube/app/controllers/pages_controller.rb": [
        1,
        1,
        2,
        null,
        null
      ]
    },
    "timestamp": 1429112755
  }
}
